<?xml version="1.0" encoding="UTF-8"?>
<!-- Generated by org.testng.reporters.JUnitReportReporter -->
<testsuite hostname="D0P19K3" failures="0" tests="14" name="com.via.testcases.RegistrationPageTest" time="107.250" errors="0" timestamp="2023-12-21T20:30:18 SAST" skipped="0">
  <testcase classname="com.via.testcases.RegistrationPageTest" name="validateCreatAccountBtnTest" time="7.200"/>
  <system-out/>
  <testcase classname="com.via.testcases.RegistrationPageTest" name="validateCountryCodeDropDownd" time="9.760"/>
  <system-out/>
  <testcase classname="com.via.testcases.RegistrationPageTest" name="validateEmailErrorMsgTest" time="7.314"/>
  <system-out/>
  <testcase classname="com.via.testcases.RegistrationPageTest" name="validatePasswordErrorMsgTest" time="7.712"/>
  <system-out/>
  <testcase classname="com.via.testcases.RegistrationPageTest" name="validatePasswordFieldTest" time="6.147"/>
  <system-out/>
  <testcase classname="com.via.testcases.RegistrationPageTest" name="validateTitleFieldTest" time="7.757"/>
  <system-out/>
  <testcase classname="com.via.testcases.RegistrationPageTest" name="clickSigninTest" time="7.582"/>
  <system-out/>
  <testcase classname="com.via.testcases.RegistrationPageTest" name="validateNameFieldTest" time="7.884"/>
  <system-out/>
  <testcase classname="com.via.testcases.RegistrationPageTest" name="validateCountryCode" time="6.381"/>
  <system-out/>
  <testcase classname="com.via.testcases.RegistrationPageTest" name="validateNumberErrorMsgTest" time="7.444"/>
  <system-out/>
  <testcase classname="com.via.testcases.RegistrationPageTest" name="validateNumberFieldTest" time="5.928"/>
  <system-out/>
  <testcase classname="com.via.testcases.RegistrationPageTest" name="validateEmailFieldTest" time="7.782"/>
  <system-out/>
  <testcase classname="com.via.testcases.RegistrationPageTest" name="validateRegistrationTest" time="12.065"/>
  <system-out/>
  <testcase classname="com.via.testcases.RegistrationPageTest" name="validateNameErrorMsgTest" time="6.294"/>
  <system-out/>
</testsuite> <!-- com.via.testcases.RegistrationPageTest -->
