<?xml version="1.0" encoding="UTF-8"?>
<!-- Generated by org.testng.reporters.JUnitReportReporter -->
<testsuite hostname="D0P19K3" failures="0" tests="23" name="com.via.testcases.FlightPageTest" time="180.544" errors="0" timestamp="2023-12-21T20:30:18 SAST" skipped="0">
  <testcase classname="com.via.testcases.FlightPageTest" name="validateChildrenPlusTest" time="5.713"/>
  <system-out/>
  <testcase classname="com.via.testcases.FlightPageTest" name="validatePrefClassTest" time="6.034"/>
  <system-out/>
  <testcase classname="com.via.testcases.FlightPageTest" name="searchMultiCityFlightTest" time="15.505"/>
  <system-out/>
  <testcase classname="com.via.testcases.FlightPageTest" name="validateDepartureTest" time="5.751"/>
  <system-out/>
  <testcase classname="com.via.testcases.FlightPageTest" name="validateOneWayTabTest" time="5.487"/>
  <system-out/>
  <testcase classname="com.via.testcases.FlightPageTest" name="validateMultiCityTest" time="6.243"/>
  <system-out/>
  <testcase classname="com.via.testcases.FlightPageTest" name="validateYourRecentSearchesTest" time="7.844"/>
  <system-out/>
  <testcase classname="com.via.testcases.FlightPageTest" name="validatePrefRoutingTest" time="6.849"/>
  <system-out/>
  <testcase classname="com.via.testcases.FlightPageTest" name="validateShowMoreOptionsTest" time="6.698"/>
  <system-out/>
  <testcase classname="com.via.testcases.FlightPageTest" name="validateReturnTest" time="6.243"/>
  <system-out/>
  <testcase classname="com.via.testcases.FlightPageTest" name="validateRoundTripTabTest" time="7.307"/>
  <system-out/>
  <testcase classname="com.via.testcases.FlightPageTest" name="validateChildrenMinusTest" time="5.778"/>
  <system-out/>
  <testcase classname="com.via.testcases.FlightPageTest" name="validateAdultsMinusTest" time="5.706"/>
  <system-out/>
  <testcase classname="com.via.testcases.FlightPageTest" name="searchRoundTripFlightTest" time="11.589"/>
  <system-out/>
  <testcase classname="com.via.testcases.FlightPageTest" name="validateSearchBtnTest" time="7.543"/>
  <system-out/>
  <testcase classname="com.via.testcases.FlightPageTest" name="validateInfantPlusTest" time="8.138"/>
  <system-out/>
  <testcase classname="com.via.testcases.FlightPageTest" name="validateInfantMinusTest" time="8.009"/>
  <system-out/>
  <testcase classname="com.via.testcases.FlightPageTest" name="validateToInputTest" time="5.944"/>
  <system-out/>
  <testcase classname="com.via.testcases.FlightPageTest" name="bookFlightTest" time="18.238"/>
  <system-out/>
  <testcase classname="com.via.testcases.FlightPageTest" name="validateAdultsPlusTest" time="5.679"/>
  <system-out/>
  <testcase classname="com.via.testcases.FlightPageTest" name="validateFromInputTest" time="5.779"/>
  <system-out/>
  <testcase classname="com.via.testcases.FlightPageTest" name="searchOneWayFlightTest" time="11.970"/>
  <system-out/>
  <testcase classname="com.via.testcases.FlightPageTest" name="validatePrefAirlineTest" time="6.497"/>
  <system-out/>
</testsuite> <!-- com.via.testcases.FlightPageTest -->
