<?xml version="1.0" encoding="UTF-8"?>
<!-- Generated by org.testng.reporters.JUnitReportReporter -->
<testsuite hostname="D0P19K3" failures="0" tests="10" name="com.via.testcases.LoginPageTest" time="72.325" errors="0" timestamp="2023-12-21T20:30:18 SAST" skipped="0">
  <testcase classname="com.via.testcases.LoginPageTest" name="validateForgetPasswordTest" time="7.444"/>
  <system-out/>
  <testcase classname="com.via.testcases.LoginPageTest" name="validatePasswordErrorMsgTest" time="7.823"/>
  <system-out/>
  <testcase classname="com.via.testcases.LoginPageTest" name="validateClickForgetPasswordTest" time="6.002"/>
  <system-out/>
  <testcase classname="com.via.testcases.LoginPageTest" name="validateUsernameField" time="6.658"/>
  <system-out/>
  <testcase classname="com.via.testcases.LoginPageTest" name="validateClickSigninBtn" time="7.387"/>
  <system-out/>
  <testcase classname="com.via.testcases.LoginPageTest" name="validateWrongCredentialsErrorMsgTest" time="6.993"/>
  <system-out/>
  <testcase classname="com.via.testcases.LoginPageTest" name="validateSigninBtn" time="6.387"/>
  <system-out/>
  <testcase classname="com.via.testcases.LoginPageTest" name="validateUsernameErrorMsgTest" time="5.913"/>
  <system-out/>
  <testcase classname="com.via.testcases.LoginPageTest" name="loginValidattionTest" time="8.666"/>
  <system-out/>
  <testcase classname="com.via.testcases.LoginPageTest" name="validatePasswordField" time="9.052"/>
  <system-out/>
</testsuite> <!-- com.via.testcases.LoginPageTest -->
