<?xml version="1.0" encoding="UTF-8"?>
<!-- Generated by org.testng.reporters.JUnitReportReporter -->
<testsuite hostname="D0P19K3" failures="0" tests="29" name="com.via.testcases.HotelPageTest" time="603.000" errors="0" timestamp="2023-12-21T20:30:18 SAST" skipped="0">
  <testcase classname="com.via.testcases.HotelPageTest" name="getChildrensAgeInputTest" time="18.333"/>
  <system-out/>
  <testcase classname="com.via.testcases.HotelPageTest" name="setRoomsMenu" time="20.060"/>
  <system-out/>
  <testcase classname="com.via.testcases.HotelPageTest" name="getIsolationCheckBoxInput" time="20.209"/>
  <system-out/>
  <testcase classname="com.via.testcases.HotelPageTest" name="getResidencyInputTest" time="17.287"/>
  <system-out/>
  <testcase classname="com.via.testcases.HotelPageTest" name="getNationaltyInputTest" time="16.757"/>
  <system-out/>
  <testcase classname="com.via.testcases.HotelPageTest" name="setCloseCalenderButtonCheckInTest" time="18.227"/>
  <system-out/>
  <testcase classname="com.via.testcases.HotelPageTest" name="setDestinationTest" time="24.572"/>
  <system-out/>
  <testcase classname="com.via.testcases.HotelPageTest" name="searchScrollBarTest" time="17.891"/>
  <system-out/>
  <testcase classname="com.via.testcases.HotelPageTest" name="setCheckInDateButtonTest" time="18.432"/>
  <system-out/>
  <testcase classname="com.via.testcases.HotelPageTest" name="setCloseCalenderButtonCheckOutTest" time="16.553"/>
  <system-out/>
  <testcase classname="com.via.testcases.HotelPageTest" name="getAdultsMinusInputTest" time="19.082"/>
  <system-out/>
  <testcase classname="com.via.testcases.HotelPageTest" name="getChildrensPlusInputTest" time="19.248"/>
  <system-out/>
  <testcase classname="com.via.testcases.HotelPageTest" name="fullSearchTest" time="29.015"/>
  <system-out/>
  <testcase classname="com.via.testcases.HotelPageTest" name="setSelectHotelPhotosTest" time="30.227"/>
  <system-out/>
  <testcase classname="com.via.testcases.HotelPageTest" name="setSelectHotelTest" time="25.956"/>
  <system-out/>
  <testcase classname="com.via.testcases.HotelPageTest" name="setSelectRoomsRating" time="27.918"/>
  <system-out/>
  <testcase classname="com.via.testcases.HotelPageTest" name="getChildrensMinusInputTest" time="18.212"/>
  <system-out/>
  <testcase classname="com.via.testcases.HotelPageTest" name="setSelectHotelLocationTest" time="26.909"/>
  <system-out/>
  <testcase classname="com.via.testcases.HotelPageTest" name="getCancelButtonTest" time="17.796"/>
  <system-out/>
  <testcase classname="com.via.testcases.HotelPageTest" name="searchHotelTest" time="34.613"/>
  <system-out/>
  <testcase classname="com.via.testcases.HotelPageTest" name="searchSrollBarTest" time="17.994"/>
  <system-out/>
  <testcase classname="com.via.testcases.HotelPageTest" name="RemoveAdditionalRoomButtonTest" time="19.541"/>
  <system-out/>
  <testcase classname="com.via.testcases.HotelPageTest" name="getAdditionalRoomsTest" time="15.651"/>
  <system-out/>
  <testcase classname="com.via.testcases.HotelPageTest" name="getDoneButtonMenu" time="15.920"/>
  <system-out/>
  <testcase classname="com.via.testcases.HotelPageTest" name="getAdultsPlusInputTest" time="16.313"/>
  <system-out/>
  <testcase classname="com.via.testcases.HotelPageTest" name="navigateToHotelsTest" time="17.199"/>
  <system-out/>
  <testcase classname="com.via.testcases.HotelPageTest" name="setCheckOutDateButtonTest" time="18.338"/>
  <system-out/>
  <testcase classname="com.via.testcases.HotelPageTest" name="setSearchButtonTest" time="16.288"/>
  <system-out/>
  <testcase classname="com.via.testcases.HotelPageTest" name="setSelectHotelReviewsTest" time="28.459"/>
  <system-out/>
</testsuite> <!-- com.via.testcases.HotelPageTest -->
